<?xml version="1.0" encoding="UTF-8"?>
<!-- Generated by org.testng.reporters.JUnitReportReporter -->
<testsuite hostname="ALIPL5119" name="com.testng.DependedsTest" tests="3" failures="0" timestamp="19 Jun 2018 02:41:45 GMT" time="0.015" errors="0">
  <testcase name="openBrowser" time="0.011" classname="com.testng.DependedsTest"/>
  <testcase name="logout" time="0.002" classname="com.testng.DependedsTest"/>
  <testcase name="signIn" time="0.002" classname="com.testng.DependedsTest"/>
</testsuite> <!-- com.testng.DependedsTest -->
