<?xml version="1.0" encoding="UTF-8"?>
<!-- Generated by org.testng.reporters.JUnitReportReporter -->
<testsuite hostname="ALIPL5119" name="com.testng.Parameter" tests="1" failures="0" timestamp="20 Jun 2018 02:15:48 GMT" time="20.110" errors="0">
  <testcase name="login" time="20.110" classname="com.testng.Parameter"/>
</testsuite> <!-- com.testng.Parameter -->
