<?xml version="1.0" encoding="UTF-8"?>
<!-- Generated by org.testng.reporters.JUnitReportReporter -->
<testsuite hostname="ALIPL5119" name="com.testng.WebDriverTestNG" tests="2" failures="0" timestamp="19 Jun 2018 02:22:38 GMT" time="3.477" errors="0">
  <testcase name="logout" time="0.128" classname="com.testng.WebDriverTestNG"/>
  <testcase name="login" time="3.349" classname="com.testng.WebDriverTestNG"/>
</testsuite> <!-- com.testng.WebDriverTestNG -->
