<?xml version="1.0" encoding="UTF-8"?>
<!-- Generated by org.testng.reporters.JUnitReportReporter -->
<testsuite hostname="ALIPL5119" name="com.testng.Basic" tests="3" failures="0" timestamp="19 Jun 2018 02:04:28 GMT" time="0.024" errors="0">
  <testcase name="C" time="0.002" classname="com.testng.Basic"/>
  <testcase name="A" time="0.018" classname="com.testng.Basic"/>
  <testcase name="B" time="0.004" classname="com.testng.Basic"/>
</testsuite> <!-- com.testng.Basic -->
