<?xml version="1.0" encoding="UTF-8"?>
<!-- Generated by org.testng.reporters.JUnitReportReporter -->
<testsuite hostname="ALIPL5119" name="com.testng.DataProviders" tests="2" failures="0" timestamp="20 Jun 2018 02:25:56 GMT" time="22.371" errors="0">
  <testcase name="login" time="11.549" classname="com.testng.DataProviders"/>
  <testcase name="login" time="10.822" classname="com.testng.DataProviders"/>
</testsuite> <!-- com.testng.DataProviders -->
