<?xml version="1.0" encoding="UTF-8"?>
<!-- Generated by org.testng.reporters.JUnitReportReporter -->
<testsuite hostname="ALIPL5119" name="com.testng.Basic1" tests="5" failures="0" timestamp="19 Jun 2018 02:34:42 GMT" time="0.035" errors="0">
  <testcase name="five" time="0.004" classname="com.testng.Basic1"/>
  <testcase name="Three" time="0.007" classname="com.testng.Basic1"/>
  <testcase name="four" time="0.003" classname="com.testng.Basic1"/>
  <testcase name="Two" time="0.002" classname="com.testng.Basic1"/>
  <testcase name="One" time="0.019" classname="com.testng.Basic1"/>
</testsuite> <!-- com.testng.Basic1 -->
